<?xml version="1.0" encoding="UTF-8"?>
<testng-results skipped="0" failed="0" ignored="0" total="1" passed="1">
  <reporter-output>
  </reporter-output>
  <suite name="Default suite" duration-ms="25" started-at="2017-09-05T20:39:17Z" finished-at="2017-09-05T20:39:17Z">
    <groups>
    </groups>
    <test name="Default test" duration-ms="25" started-at="2017-09-05T20:39:17Z" finished-at="2017-09-05T20:39:17Z">
      <class name="com.sdetTraining.com.sdetTraining.Maven.App">
        <test-method status="PASS" signature="myOwnMethod()[pri:0, instance:com.sdetTraining.com.sdetTraining.Maven.App@32e6e9c3]" name="myOwnMethod" duration-ms="7" started-at="2017-09-06T02:09:17Z" finished-at="2017-09-06T02:09:17Z">
          <reporter-output>
          </reporter-output>
        </test-method> <!-- myOwnMethod -->
      </class> <!-- com.sdetTraining.com.sdetTraining.Maven.App -->
    </test> <!-- Default test -->
  </suite> <!-- Default suite -->
</testng-results>
